Build started 4/5/2017 7:57:43 PM.
     1>Project "C:\Users\Owner\Documents\Visual Studio 2012\Projects\Battleship\Battleship.vcxproj" on node 2 (Build target(s)).
     1>ClCompile:
         C:\Program Files (x86)\Microsoft Visual Studio 11.0\VC\bin\CL.exe /c /I"C:\Users\Owner\Documents\Visual Studio 2012\Projects\Battleship\/include" /ZI /nologo /W3 /WX- /Od /Oy- /D WIN32 /D _DEBUG /D _CONSOLE /D _UNICODE /D UNICODE /Gm /EHsc /RTC1 /MDd /GS /fp:precise /Zc:wchar_t /Zc:forScope /Fo"Debug\\" /Fd"Debug\vc110.pdb" /Gd /TP /analyze- /errorReport:prompt Main.cpp
         Main.cpp
     1>c:\users\owner\documents\visual studio 2012\projects\battleship\main.cpp(105): warning C4244: 'argument' : conversion from 'time_t' to 'unsigned int', possible loss of data
     1>c:\users\owner\documents\visual studio 2012\projects\battleship\main.cpp(202): warning C4996: 'sf::Text::setColor': was declared deprecated
                 c:\users\owner\documents\visual studio 2012\projects\battleship\include\sfml\graphics\text.hpp(177) : see declaration of 'sf::Text::setColor'
     1>c:\users\owner\documents\visual studio 2012\projects\battleship\main.cpp(206): warning C4996: 'sf::Text::setColor': was declared deprecated
                 c:\users\owner\documents\visual studio 2012\projects\battleship\include\sfml\graphics\text.hpp(177) : see declaration of 'sf::Text::setColor'
     1>c:\users\owner\documents\visual studio 2012\projects\battleship\main.cpp(341): warning C4244: 'argument' : conversion from 'int' to 'float', possible loss of data
     1>c:\users\owner\documents\visual studio 2012\projects\battleship\main.cpp(349): warning C4244: 'argument' : conversion from 'int' to 'float', possible loss of data
     1>c:\users\owner\documents\visual studio 2012\projects\battleship\main.cpp(357): warning C4244: 'argument' : conversion from 'int' to 'float', possible loss of data
     1>c:\users\owner\documents\visual studio 2012\projects\battleship\main.cpp(365): warning C4244: 'argument' : conversion from 'int' to 'float', possible loss of data
     1>c:\users\owner\documents\visual studio 2012\projects\battleship\main.cpp(373): warning C4244: 'argument' : conversion from 'int' to 'float', possible loss of data
     1>c:\users\owner\documents\visual studio 2012\projects\battleship\main.cpp(403): warning C4244: 'argument' : conversion from 'int' to 'float', possible loss of data
     1>c:\users\owner\documents\visual studio 2012\projects\battleship\main.cpp(639): warning C4258: 'i' : definition from the for loop is ignored; the definition from the enclosing scope is used
                 c:\users\owner\documents\visual studio 2012\projects\battleship\main.cpp(622) : definition of 'i' ignored
                 c:\users\owner\documents\visual studio 2012\projects\battleship\main.cpp(620) : definition of 'i' used
       Link:
         C:\Program Files (x86)\Microsoft Visual Studio 11.0\VC\bin\link.exe /ERRORREPORT:PROMPT /OUT:"C:\Users\Owner\Documents\Visual Studio 2012\Projects\Battleship\Debug\Battleship.exe" /INCREMENTAL /NOLOGO /LIBPATH:"C:\Users\Owner\Documents\Visual Studio 2012\Projects\Battleship\/lib" "sfml-network-d.lib" "sfml-audio-d.lib" "sfml-graphics-d.lib" "sfml-window-d.lib" "sfml-system-d.lib" kernel32.lib user32.lib gdi32.lib winspool.lib comdlg32.lib advapi32.lib shell32.lib ole32.lib oleaut32.lib uuid.lib odbc32.lib odbccp32.lib kernel32.lib user32.lib gdi32.lib winspool.lib comdlg32.lib advapi32.lib shell32.lib ole32.lib oleaut32.lib uuid.lib odbc32.lib odbccp32.lib /MANIFEST /MANIFESTUAC:"level='asInvoker' uiAccess='false'" /manifest:embed /DEBUG /PDB:"C:\Users\Owner\Documents\Visual Studio 2012\Projects\Battleship\Debug\Battleship.pdb" /SUBSYSTEM:CONSOLE /TLBID:1 /DYNAMICBASE /NXCOMPAT /IMPLIB:"C:\Users\Owner\Documents\Visual Studio 2012\Projects\Battleship\Debug\Battleship.lib" /MACHINE:X86 Debug\Battleship.obj
         Debug\Board.obj
         Debug\Cell.obj
         Debug\Main.obj
         Debug\Ship.obj
         Battleship.vcxproj -> C:\Users\Owner\Documents\Visual Studio 2012\Projects\Battleship\Debug\Battleship.exe
     1>Done Building Project "C:\Users\Owner\Documents\Visual Studio 2012\Projects\Battleship\Battleship.vcxproj" (Build target(s)).

Build succeeded.

Time Elapsed 00:00:06.67
