Build started 4/5/2017 6:39:45 PM.
     1>Project "C:\Users\Owner\Documents\Visual Studio 2012\Projects\Battleship\Battleship.vcxproj" on node 2 (Build target(s)).
     1>ClCompile:
         C:\Program Files (x86)\Microsoft Visual Studio 11.0\VC\bin\CL.exe /c /I"C:\Users\Owner\Documents\Visual Studio 2012\Projects\Battleship\/include" /Zi /nologo /W3 /WX- /O2 /Oi /Oy- /GL /D WIN32 /D NDEBUG /D _CONSOLE /D _UNICODE /D UNICODE /Gm- /EHsc /MD /GS /Gy /fp:precise /Zc:wchar_t /Zc:forScope /Fo"Release\\" /Fd"Release\vc110.pdb" /Gd /TP /analyze- /errorReport:prompt Main.cpp
         Main.cpp
     1>Main.cpp(105): warning C4244: 'argument' : conversion from 'time_t' to 'unsigned int', possible loss of data
     1>Main.cpp(202): warning C4996: 'sf::Text::setColor': was declared deprecated
                 C:\Users\Owner\Documents\Visual Studio 2012\Projects\Battleship\include\SFML/Graphics/Text.hpp(177) : see declaration of 'sf::Text::setColor'
     1>Main.cpp(206): warning C4996: 'sf::Text::setColor': was declared deprecated
                 C:\Users\Owner\Documents\Visual Studio 2012\Projects\Battleship\include\SFML/Graphics/Text.hpp(177) : see declaration of 'sf::Text::setColor'
     1>Main.cpp(341): warning C4244: 'argument' : conversion from 'int' to 'float', possible loss of data
     1>Main.cpp(349): warning C4244: 'argument' : conversion from 'int' to 'float', possible loss of data
     1>Main.cpp(357): warning C4244: 'argument' : conversion from 'int' to 'float', possible loss of data
     1>Main.cpp(365): warning C4244: 'argument' : conversion from 'int' to 'float', possible loss of data
     1>Main.cpp(373): warning C4244: 'argument' : conversion from 'int' to 'float', possible loss of data
     1>Main.cpp(403): warning C4244: 'argument' : conversion from 'int' to 'float', possible loss of data
     1>Main.cpp(639): warning C4258: 'i' : definition from the for loop is ignored; the definition from the enclosing scope is used
                 Main.cpp(622) : definition of 'i' ignored
                 Main.cpp(620) : definition of 'i' used
       Link:
         C:\Program Files (x86)\Microsoft Visual Studio 11.0\VC\bin\link.exe /ERRORREPORT:PROMPT /OUT:"C:\Users\Owner\Documents\Visual Studio 2012\Projects\Battleship\Release\Battleship.exe" /INCREMENTAL:NO /NOLOGO /LIBPATH:"C:\Users\Owner\Documents\Visual Studio 2012\Projects\Battleship\/lib" "sfml-network.lib" "sfml-audio.lib" "sfml-graphics.lib" "sfml-window.lib" "sfml-system.lib" kernel32.lib user32.lib gdi32.lib winspool.lib comdlg32.lib advapi32.lib shell32.lib ole32.lib oleaut32.lib uuid.lib odbc32.lib odbccp32.lib kernel32.lib user32.lib gdi32.lib winspool.lib comdlg32.lib advapi32.lib shell32.lib ole32.lib oleaut32.lib uuid.lib odbc32.lib odbccp32.lib /MANIFEST /MANIFESTUAC:"level='asInvoker' uiAccess='false'" /manifest:embed /DEBUG /PDB:"C:\Users\Owner\Documents\Visual Studio 2012\Projects\Battleship\Release\Battleship.pdb" /SUBSYSTEM:CONSOLE /OPT:REF /OPT:ICF /LTCG /TLBID:1 /DYNAMICBASE /NXCOMPAT /IMPLIB:"C:\Users\Owner\Documents\Visual Studio 2012\Projects\Battleship\Release\Battleship.lib" /MACHINE:X86 /SAFESEH Release\Battleship.obj
         Release\Board.obj
         Release\Cell.obj
         Release\Main.obj
         Release\Ship.obj
         Generating code
         Finished generating code
         Battleship.vcxproj -> C:\Users\Owner\Documents\Visual Studio 2012\Projects\Battleship\Release\Battleship.exe
     1>Done Building Project "C:\Users\Owner\Documents\Visual Studio 2012\Projects\Battleship\Battleship.vcxproj" (Build target(s)).

Build succeeded.

Time Elapsed 00:00:06.40
